0 info it worked if it ends with ok
1 verbose cli [ 'C:\\Program Files\\nodejs\\node.exe',
1 verbose cli   'C:\\Program Files\\nodejs\\node_modules\\npm\\bin\\npm-cli.js',
1 verbose cli   'install',
1 verbose cli   'https://github.com/oneminutedistraction/phonenumber.git',
1 verbose cli   '--production',
1 verbose cli   '--save' ]
2 info using npm@2.15.8
3 info using node@v4.4.7
4 verbose install initial load of F:\Almacen-Ivo\Trabajos-ivo\APP_GEOLOCALIZACION\geo_Conecting\package.json
5 verbose installManyTop reading scoped package data from F:\Almacen-Ivo\Trabajos-ivo\APP_GEOLOCALIZACION\geo_Conecting\node_modules\cordova-plugin-sim\package.json
6 verbose installManyTop reading scoped package data from F:\Almacen-Ivo\Trabajos-ivo\APP_GEOLOCALIZACION\geo_Conecting\node_modules\cordova-plugin-sim2\package.json
7 verbose installManyTop reading scoped package data from F:\Almacen-Ivo\Trabajos-ivo\APP_GEOLOCALIZACION\geo_Conecting\node_modules\org.apache.cordova.geolocation\package.json
8 info package.json org.apache.cordova.geolocation@0.3.6 No repository field.
9 verbose readDependencies loading dependencies from F:\Almacen-Ivo\Trabajos-ivo\APP_GEOLOCALIZACION\geo_Conecting\package.json
10 silly cache add args [ 'https://github.com/oneminutedistraction/phonenumber.git',
10 silly cache add   null ]
11 verbose cache add spec https://github.com/oneminutedistraction/phonenumber.git
12 silly cache add parsed spec Result {
12 silly cache add   raw: 'https://github.com/oneminutedistraction/phonenumber.git',
12 silly cache add   scope: null,
12 silly cache add   name: null,
12 silly cache add   rawSpec: 'https://github.com/oneminutedistraction/phonenumber.git',
12 silly cache add   spec: 'git+https://github.com/oneminutedistraction/phonenumber.git',
12 silly cache add   type: 'hosted',
12 silly cache add   hosted:
12 silly cache add    { type: 'github',
12 silly cache add      ssh: 'git@github.com:oneminutedistraction/phonenumber.git',
12 silly cache add      sshUrl: 'git+ssh://git@github.com/oneminutedistraction/phonenumber.git',
12 silly cache add      httpsUrl: 'git+https://github.com/oneminutedistraction/phonenumber.git',
12 silly cache add      gitUrl: 'git://github.com/oneminutedistraction/phonenumber.git',
12 silly cache add      shortcut: 'github:oneminutedistraction/phonenumber',
12 silly cache add      directUrl: 'https://raw.githubusercontent.com/oneminutedistraction/phonenumber/master/package.json' } }
13 verbose addRemoteGit caching https://github.com/oneminutedistraction/phonenumber.git
14 verbose addRemoteGit git+https://github.com/oneminutedistraction/phonenumber.git is a repository hosted by github
15 silly tryClone cloning git+https://github.com/oneminutedistraction/phonenumber.git via git+https://github.com/oneminutedistraction/phonenumber.git
16 verbose tryClone https-github-com-oneminutedistraction-phonenumber-git-5322d4f7 not in flight; caching
17 verbose correctMkdir C:\Users\Ivonne\AppData\Roaming\npm-cache\_git-remotes correctMkdir not in flight; initializing
18 info git [ 'clone',
18 info git   '--template=C:\\Users\\Ivonne\\AppData\\Roaming\\npm-cache\\_git-remotes\\_templates',
18 info git   '--mirror',
18 info git   'https://github.com/oneminutedistraction/phonenumber.git',
18 info git   'C:\\Users\\Ivonne\\AppData\\Roaming\\npm-cache\\_git-remotes\\https-github-com-oneminutedistraction-phonenumber-git-5322d4f7' ]
19 verbose mirrorRemote git+https://github.com/oneminutedistraction/phonenumber.git git clone https://github.com/oneminutedistraction/phonenumber.git
20 verbose setPermissions git+https://github.com/oneminutedistraction/phonenumber.git skipping chownr on Windows
21 verbose resolveHead git+https://github.com/oneminutedistraction/phonenumber.git original treeish: master
22 info git [ 'rev-list', '-n1', 'master' ]
23 silly resolveHead git+https://github.com/oneminutedistraction/phonenumber.git resolved treeish: c67072c6fe6e5788dd6bfb290cf1ea176540fcb6
24 verbose resolveHead git+https://github.com/oneminutedistraction/phonenumber.git resolved Git URL: git+https://github.com/oneminutedistraction/phonenumber.git#c67072c6fe6e5788dd6bfb290cf1ea176540fcb6
25 silly resolveHead Git working directory: C:\Users\Ivonne\AppData\Local\Temp\npm-4792-eb755f95\git-cache-cfa9c0120d10\c67072c6fe6e5788dd6bfb290cf1ea176540fcb6
26 info git [ 'clone',
26 info git   'C:\\Users\\Ivonne\\AppData\\Roaming\\npm-cache\\_git-remotes\\https-github-com-oneminutedistraction-phonenumber-git-5322d4f7',
26 info git   'C:\\Users\\Ivonne\\AppData\\Local\\Temp\\npm-4792-eb755f95\\git-cache-cfa9c0120d10\\c67072c6fe6e5788dd6bfb290cf1ea176540fcb6' ]
27 verbose cloneResolved git+https://github.com/oneminutedistraction/phonenumber.git clone Cloning into 'C:\Users\Ivonne\AppData\Local\Temp\npm-4792-eb755f95\git-cache-cfa9c0120d10\c67072c6fe6e5788dd6bfb290cf1ea176540fcb6'...
27 verbose cloneResolved done.
28 info git [ 'checkout', 'c67072c6fe6e5788dd6bfb290cf1ea176540fcb6' ]
29 verbose checkoutTreeish git+https://github.com/oneminutedistraction/phonenumber.git checkout Note: checking out 'c67072c6fe6e5788dd6bfb290cf1ea176540fcb6'.
29 verbose checkoutTreeish
29 verbose checkoutTreeish You are in 'detached HEAD' state. You can look around, make experimental
29 verbose checkoutTreeish changes and commit them, and you can discard any commits you make in this
29 verbose checkoutTreeish state without impacting any branches by performing another checkout.
29 verbose checkoutTreeish
29 verbose checkoutTreeish If you want to create a new branch to retain commits you create, you may
29 verbose checkoutTreeish do so (now or later) by using -b with the checkout command again. Example:
29 verbose checkoutTreeish
29 verbose checkoutTreeish   git checkout -b <new-branch-name>
29 verbose checkoutTreeish
29 verbose checkoutTreeish HEAD is now at c67072c... Minor changes
30 error addLocal Could not install C:\Users\Ivonne\AppData\Local\Temp\npm-4792-eb755f95\git-cache-cfa9c0120d10\c67072c6fe6e5788dd6bfb290cf1ea176540fcb6
31 verbose stack Error: EISDIR: illegal operation on a directory, read
31 verbose stack     at Error (native)
32 verbose cwd F:\Almacen-Ivo\Trabajos-ivo\APP_GEOLOCALIZACION\geo_Conecting
33 error Windows_NT 10.0.17134
34 error argv "C:\\Program Files\\nodejs\\node.exe" "C:\\Program Files\\nodejs\\node_modules\\npm\\bin\\npm-cli.js" "install" "https://github.com/oneminutedistraction/phonenumber.git" "--production" "--save"
35 error node v4.4.7
36 error npm  v2.15.8
37 error code EISDIR
38 error errno -4068
39 error syscall read
40 error eisdir EISDIR: illegal operation on a directory, read
40 error eisdir This is most likely not a problem with npm itself
40 error eisdir and is related to npm not being able to find a package.json in
40 error eisdir a package you are trying to install.
41 verbose exit [ -4068, true ]
